# Conversion log for project 'AxonIvyExpress'
# Convert project version from 94005 to 100000
# Using Axon Ivy Designer version 11.1.0.2210170128
# Created on 27.10.2022 16:36:20
27.10.2022 16:36:20 : New Task  : Converting project AxonIvyExpress.
27.10.2022 16:36:20 : Info      : Log is stored in 'logs/convert-project-version-94005-100000.log'
27.10.2022 16:36:20 : New Task  : Convert processes to format 10.0.0
27.10.2022 16:36:20 : Info      : Migrating processes/Functional Processes/DeleteDocumentItemOverride.p.json from 10.0.0 to 10.0.0
27.10.2022 16:36:20 : Info      : Migrating processes/Functional Processes/GetDocumentItemsOverride.p.json from 10.0.0 to 10.0.0
27.10.2022 16:36:20 : Info      : Migrating processes/Functional Processes/HandleEndPage.p.json from 10.0.0 to 10.0.0
27.10.2022 16:36:20 : Info      : Migrating processes/Functional Processes/ParallelTasksUtil.p.json from 10.0.0 to 10.0.0
27.10.2022 16:36:20 : Info      : Migrating processes/Functional Processes/UploadDocumentItemOverride.p.json from 10.0.0 to 10.0.0
27.10.2022 16:36:20 : Info      : Migrating processes/Functional Processes/editWorkflow.p.json from 10.0.0 to 10.0.0
27.10.2022 16:36:20 : Info      : Migrating processes/Functional Processes/executePredefinedWorkflow.p.json from 10.0.0 to 10.0.0
27.10.2022 16:36:20 : Info      : Migrating processes/Start Processes/CreateWorkflow.p.json from 10.0.0 to 10.0.0
27.10.2022 16:36:20 : Info      : Migrating processes/Start Processes/EndPage.p.json from 10.0.0 to 10.0.0
27.10.2022 16:36:20 : Info      : Migrating processes/Start Processes/ExpressStart.p.json from 10.0.0 to 10.0.0
27.10.2022 16:36:20 : Info      : Migrating processes/Start Processes/GenericPredefinedWorkflowStart.p.json from 10.0.0 to 10.0.0
27.10.2022 16:36:20 : Info      : Migrating src_hd/ch/ivy/addon/express/generic/EndPage/EndPageProcess.p.json from 10.0.0 to 10.0.0
27.10.2022 16:36:20 : Info      : Migrating src_hd/ch/ivy/addon/express/generic/ExpressBusinessView/ExpressBusinessViewProcess.p.json from 10.0.0 to 10.0.0
27.10.2022 16:36:20 : Info      : Migrating src_hd/ch/ivy/gawfs/component/ApprovalResult/ApprovalResultProcess.p.json from 10.0.0 to 10.0.0
27.10.2022 16:36:20 : Info      : Migrating src_hd/ch/ivy/gawfs/component/Email/EmailProcess.p.json from 10.0.0 to 10.0.0
27.10.2022 16:36:20 : Info      : Migrating src_hd/ch/ivy/gawfs/component/FinishedUserTasksForm/FinishedUserTasksFormProcess.p.json from 10.0.0 to 10.0.0
27.10.2022 16:36:20 : Info      : Migrating src_hd/ch/ivy/gawfs/workflowCreation/FormDefinition/FormDefinitionProcess.p.json from 10.0.0 to 10.0.0
27.10.2022 16:36:20 : Info      : Migrating src_hd/ch/ivy/gawfs/workflowCreation/WorkflowDefinition/WorkflowDefinitionProcess.p.json from 10.0.0 to 10.0.0
27.10.2022 16:36:20 : Info      : Migrating src_hd/ch/ivy/gawfs/workflowExecution/ApprovalForm/ApprovalFormProcess.p.json from 10.0.0 to 10.0.0
27.10.2022 16:36:20 : Info      : Migrating src_hd/ch/ivy/gawfs/workflowExecution/FinalReviewForm/FinalReviewFormProcess.p.json from 10.0.0 to 10.0.0
27.10.2022 16:36:20 : Info      : Migrating src_hd/ch/ivy/gawfs/workflowExecution/UserTaskForm/UserTaskFormProcess.p.json from 10.0.0 to 10.0.0
27.10.2022 16:36:20 : Info      : Migrating src_hd/ch/ivy/gawfs/workflowExecution/UserTaskWithMailForm/UserTaskWithMailFormProcess.p.json from 10.0.0 to 10.0.0
27.10.2022 16:36:20 : New Task  : Update project version to actual version 100000.
27.10.2022 16:36:20 : New Task  : Finished conversion of project AxonIvyExpress.
