# Conversion log for project 'AxonIvyExpress'
# Convert Process files to latest version
# Using Axon Ivy Designer version 11.1.0.2210170128
# Created on 27.10.2022 16:36:17
27.10.2022 16:36:17 : New Task  : Converting project AxonIvyExpress.
27.10.2022 16:36:18 : Info      : Log is stored in 'logs/process-migrate-to-10.0.0.log'
27.10.2022 16:36:19 : New Task  : Convert process files to latest 10.0.0 version
27.10.2022 16:36:19 : Info      : Convert process processes/Functional Processes/DeleteDocumentItemOverride.p.json to latest version
27.10.2022 16:36:19 : Info      : Convert process processes/Functional Processes/GetDocumentItemsOverride.p.json to latest version
27.10.2022 16:36:19 : Info      : Convert process processes/Functional Processes/HandleEndPage.p.json to latest version
27.10.2022 16:36:19 : Info      : Convert process processes/Functional Processes/ParallelTasksUtil.p.json to latest version
27.10.2022 16:36:19 : Info      : Convert process processes/Functional Processes/UploadDocumentItemOverride.p.json to latest version
27.10.2022 16:36:19 : Info      : Convert process processes/Functional Processes/editWorkflow.p.json to latest version
27.10.2022 16:36:19 : Info      : Convert process processes/Functional Processes/executePredefinedWorkflow.p.json to latest version
27.10.2022 16:36:19 : Info      : Convert process processes/Start Processes/CreateWorkflow.p.json to latest version
27.10.2022 16:36:19 : Info      : Convert process processes/Start Processes/EndPage.p.json to latest version
27.10.2022 16:36:19 : Info      : Convert process processes/Start Processes/ExpressStart.p.json to latest version
27.10.2022 16:36:19 : Info      : Convert process processes/Start Processes/GenericPredefinedWorkflowStart.p.json to latest version
27.10.2022 16:36:19 : Info      : Convert process src_hd/ch/ivy/addon/express/generic/EndPage/EndPageProcess.p.json to latest version
27.10.2022 16:36:19 : Info      : Convert process src_hd/ch/ivy/addon/express/generic/ExpressBusinessView/ExpressBusinessViewProcess.p.json to latest version
27.10.2022 16:36:19 : Info      : Convert process src_hd/ch/ivy/gawfs/component/ApprovalResult/ApprovalResultProcess.p.json to latest version
27.10.2022 16:36:19 : Info      : Convert process src_hd/ch/ivy/gawfs/component/Email/EmailProcess.p.json to latest version
27.10.2022 16:36:19 : Info      : Convert process src_hd/ch/ivy/gawfs/component/FinishedUserTasksForm/FinishedUserTasksFormProcess.p.json to latest version
27.10.2022 16:36:19 : Info      : Convert process src_hd/ch/ivy/gawfs/workflowCreation/FormDefinition/FormDefinitionProcess.p.json to latest version
27.10.2022 16:36:19 : Info      : Convert process src_hd/ch/ivy/gawfs/workflowCreation/WorkflowDefinition/WorkflowDefinitionProcess.p.json to latest version
27.10.2022 16:36:20 : Info      : Convert process src_hd/ch/ivy/gawfs/workflowExecution/ApprovalForm/ApprovalFormProcess.p.json to latest version
27.10.2022 16:36:20 : Info      : Convert process src_hd/ch/ivy/gawfs/workflowExecution/FinalReviewForm/FinalReviewFormProcess.p.json to latest version
27.10.2022 16:36:20 : Info      : Convert process src_hd/ch/ivy/gawfs/workflowExecution/UserTaskForm/UserTaskFormProcess.p.json to latest version
27.10.2022 16:36:20 : Info      : Convert process src_hd/ch/ivy/gawfs/workflowExecution/UserTaskWithMailForm/UserTaskWithMailFormProcess.p.json to latest version
27.10.2022 16:36:20 : New Task  : Updated Processes to version 10.0.0.
27.10.2022 16:36:20 : New Task  : Finished conversion of project AxonIvyExpress.
