# Conversion log for project 'InternalSupport'
# Convert Process files to latest version
# Using Axon Ivy Designer version 11.1.0.2210170128
# Created on 27.10.2022 16:36:24
27.10.2022 16:36:24 : New Task  : Converting project InternalSupport.
27.10.2022 16:36:24 : Info      : Log is stored in 'logs/process-migrate-to-10.0.0.log'
27.10.2022 16:36:24 : New Task  : Convert process files to latest 10.0.0 version
27.10.2022 16:36:24 : Info      : Convert process processes/Business Processes/testCaseMaps/testProcesses/ApproveLeave.p.json to latest version
27.10.2022 16:36:24 : Info      : Convert process processes/Business Processes/testCaseMaps/testProcesses/CaseMapCreateLeaveRequest.p.json to latest version
27.10.2022 16:36:24 : Info      : Convert process processes/Business Processes/testCaseMaps/testSideSteps/CancelApprovalRequest.p.json to latest version
27.10.2022 16:36:24 : Info      : Convert process processes/Business Processes/testCaseMaps/testSideSteps/SubmitLeaveReason.p.json to latest version
27.10.2022 16:36:24 : Info      : Convert process processes/Business Processes/testCaseMaps/testSideSteps/UploadAdditionalData.p.json to latest version
27.10.2022 16:36:24 : Info      : Convert process processes/Business Processes/testProcesses/BusinessCases.p.json to latest version
27.10.2022 16:36:24 : Info      : Convert process processes/Business Processes/testProcesses/CaseOwner.p.json to latest version
27.10.2022 16:36:24 : Info      : Convert process processes/Business Processes/testProcesses/HiddenTask.p.json to latest version
27.10.2022 16:36:24 : Info      : Convert process processes/Business Processes/testProcesses/RoleInvolved.p.json to latest version
27.10.2022 16:36:24 : Info      : Convert process processes/Business Processes/testProcesses/TestStatisticWidget.p.json to latest version
27.10.2022 16:36:24 : Info      : Convert process processes/Business Processes/testProcesses/TestTaskFlow.p.json to latest version
27.10.2022 16:36:24 : Info      : Convert process processes/Functional Processes/BuildCaseQueryOverride.p.json to latest version
27.10.2022 16:36:24 : Info      : Convert process processes/Start Processes/CreateUsersManually.p.json to latest version
27.10.2022 16:36:24 : Info      : Convert process processes/Start Processes/InternalSupportPortalStart.p.json to latest version
27.10.2022 16:36:24 : Info      : Convert process processes/Start Processes/RestorePortalDashboardToDefault.p.json to latest version
27.10.2022 16:36:24 : Info      : Convert process src_hd/internalPortal/InternalPortalHome/InternalPortalHomeProcess.p.json to latest version
27.10.2022 16:36:25 : Info      : Convert process src_hd/internalPortal/InternalPortalHomeNotRequiredLogin/InternalPortalHomeNotRequiredLoginProcess.p.json to latest version
27.10.2022 16:36:25 : Info      : Convert process src_hd/internalPortal/PortalHome/PortalHomeProcess.p.json to latest version
27.10.2022 16:36:25 : Info      : Convert process src_hd/internalPortal/TestStatisticWidgetPage/TestStatisticWidgetPageProcess.p.json to latest version
27.10.2022 16:36:25 : Info      : Convert process src_hd/internaltest/ResponsiveUI/ResponsiveUIProcess.p.json to latest version
27.10.2022 16:36:25 : Info      : Convert process src_hd/internaltest/TestPortalCustomErrorHandler/TestPortalCustomErrorHandlerProcess.p.json to latest version
27.10.2022 16:36:25 : Info      : Convert process src_hd/internaltest/myInternalTestDialog/myInternalTestDialogProcess.p.json to latest version
27.10.2022 16:36:25 : Info      : Convert process src_hd/internaltest/ui/CancelApprovalRequest/CancelApprovalRequestProcess.p.json to latest version
27.10.2022 16:36:25 : Info      : Convert process src_hd/internaltest/ui/CustomLogin/CustomLoginProcess.p.json to latest version
27.10.2022 16:36:25 : Info      : Convert process src_hd/internaltest/ui/NewLeaveRequest/NewLeaveRequestProcess.p.json to latest version
27.10.2022 16:36:25 : Info      : Convert process src_hd/internaltest/ui/SaleDepartment/SaleDepartmentProcess.p.json to latest version
27.10.2022 16:36:25 : Info      : Convert process src_hd/internaltest/ui/approveLeave/approveLeaveProcess.p.json to latest version
27.10.2022 16:36:25 : New Task  : Updated Processes to version 10.0.0.
27.10.2022 16:36:25 : New Task  : Finished conversion of project InternalSupport.
