# Conversion log for project 'portal'
# Convert project version from 94005 to 100000
# Using Axon Ivy Designer version 11.1.0.2210170128
# Created on 27.10.2022 16:32:53
27.10.2022 16:32:53 : New Task  : Converting project portal.
27.10.2022 16:32:53 : Info      : Log is stored in 'logs/convert-project-version-94005-100000.log'
27.10.2022 16:32:53 : New Task  : Convert processes to format 10.0.0
27.10.2022 16:32:53 : Info      : Migrating processes/Business Processes/FindThirdPartyApplications.p.json from 10.0.0 to 10.0.0
27.10.2022 16:32:53 : Info      : Migrating processes/Business Processes/PortalInit.p.json from 10.0.0 to 10.0.0
27.10.2022 16:32:53 : Info      : Migrating processes/Functional Processes/AnalyzeStatistic.p.json from 10.0.0 to 10.0.0
27.10.2022 16:32:53 : Info      : Migrating processes/Functional Processes/AssignRolesGroupChat.p.json from 10.0.0 to 10.0.0
27.10.2022 16:32:53 : Info      : Migrating processes/Functional Processes/BuildCaseQuery.p.json from 10.0.0 to 10.0.0
27.10.2022 16:32:53 : Info      : Migrating processes/Functional Processes/BuildTaskQuery.p.json from 10.0.0 to 10.0.0
27.10.2022 16:32:53 : Info      : Migrating processes/Functional Processes/CalculateTaskDelegate.p.json from 10.0.0 to 10.0.0
27.10.2022 16:32:53 : Info      : Migrating processes/Functional Processes/CaseHistoryCustomTaskFilter.p.json from 10.0.0 to 10.0.0
27.10.2022 16:32:53 : Info      : Migrating processes/Functional Processes/ChangePassword.p.json from 10.0.0 to 10.0.0
27.10.2022 16:32:54 : Info      : Migrating processes/Functional Processes/DefaultStatisticCustomField.p.json from 10.0.0 to 10.0.0
27.10.2022 16:32:54 : Info      : Migrating processes/Functional Processes/DeleteDocument.p.json from 10.0.0 to 10.0.0
27.10.2022 16:32:54 : Info      : Migrating processes/Functional Processes/DownloadDocument.p.json from 10.0.0 to 10.0.0
27.10.2022 16:32:54 : Info      : Migrating processes/Functional Processes/ExportCaseToExcel.p.json from 10.0.0 to 10.0.0
27.10.2022 16:32:54 : Info      : Migrating processes/Functional Processes/ExportTaskToExcel.p.json from 10.0.0 to 10.0.0
27.10.2022 16:32:54 : Info      : Migrating processes/Functional Processes/GetDocumentList.p.json from 10.0.0 to 10.0.0
27.10.2022 16:32:54 : Info      : Migrating processes/Functional Processes/GetGroupChatParams.p.json from 10.0.0 to 10.0.0
27.10.2022 16:32:54 : Info      : Migrating processes/Functional Processes/GetGroupId.p.json from 10.0.0 to 10.0.0
27.10.2022 16:32:54 : Info      : Migrating processes/Functional Processes/HideSystemCase.p.json from 10.0.0 to 10.0.0
27.10.2022 16:32:54 : Info      : Migrating processes/Functional Processes/InitializeCaseDataModel.p.json from 10.0.0 to 10.0.0
27.10.2022 16:32:54 : Info      : Migrating processes/Functional Processes/InitializeTaskDataModel.p.json from 10.0.0 to 10.0.0
27.10.2022 16:32:54 : Info      : Migrating processes/Functional Processes/LoadSubMenuItems.p.json from 10.0.0 to 10.0.0
27.10.2022 16:32:54 : Info      : Migrating processes/Functional Processes/Login.p.json from 10.0.0 to 10.0.0
27.10.2022 16:32:54 : Info      : Migrating processes/Functional Processes/Logout.p.json from 10.0.0 to 10.0.0
27.10.2022 16:32:54 : Info      : Migrating processes/Functional Processes/LogoutPage.p.json from 10.0.0 to 10.0.0
27.10.2022 16:32:54 : Info      : Migrating processes/Functional Processes/Navigator.p.json from 10.0.0 to 10.0.0
27.10.2022 16:32:54 : Info      : Migrating processes/Functional Processes/OpenPortalCaseDetailsHook.p.json from 10.0.0 to 10.0.0
27.10.2022 16:32:54 : Info      : Migrating processes/Functional Processes/OpenPortalCases.p.json from 10.0.0 to 10.0.0
27.10.2022 16:32:54 : Info      : Migrating processes/Functional Processes/OpenPortalSearch.p.json from 10.0.0 to 10.0.0
27.10.2022 16:32:54 : Info      : Migrating processes/Functional Processes/OpenPortalTaskDetailsHook.p.json from 10.0.0 to 10.0.0
27.10.2022 16:32:54 : Info      : Migrating processes/Functional Processes/OpenPortalTasks.p.json from 10.0.0 to 10.0.0
27.10.2022 16:32:54 : Info      : Migrating processes/Functional Processes/ResetPassword.p.json from 10.0.0 to 10.0.0
27.10.2022 16:32:54 : Info      : Migrating processes/Functional Processes/SendPasswordResetEmail.p.json from 10.0.0 to 10.0.0
27.10.2022 16:32:54 : Info      : Migrating processes/Functional Processes/SetAdditonalCaseDetailPage.p.json from 10.0.0 to 10.0.0
27.10.2022 16:32:54 : Info      : Migrating processes/Functional Processes/SetBusinessEntityId.p.json from 10.0.0 to 10.0.0
27.10.2022 16:32:54 : Info      : Migrating processes/Functional Processes/SetGroupChatName.p.json from 10.0.0 to 10.0.0
27.10.2022 16:32:54 : Info      : Migrating processes/Functional Processes/UploadDocument.p.json from 10.0.0 to 10.0.0
27.10.2022 16:32:54 : Info      : Migrating processes/Functional Processes/UploadDocumentChecker.p.json from 10.0.0 to 10.0.0
27.10.2022 16:32:54 : Info      : Migrating processes/Ivy Data Processes/AbsenceService.p.json from 10.0.0 to 10.0.0
27.10.2022 16:32:54 : Info      : Migrating processes/Ivy Data Processes/CaseService.p.json from 10.0.0 to 10.0.0
27.10.2022 16:32:54 : Info      : Migrating processes/Ivy Data Processes/EmailSettingService.p.json from 10.0.0 to 10.0.0
27.10.2022 16:32:54 : Info      : Migrating processes/Ivy Data Processes/LanguageService.p.json from 10.0.0 to 10.0.0
27.10.2022 16:32:54 : Info      : Migrating processes/Ivy Data Processes/PasswordService.p.json from 10.0.0 to 10.0.0
27.10.2022 16:32:54 : Info      : Migrating processes/Ivy Data Processes/ProcessService.p.json from 10.0.0 to 10.0.0
27.10.2022 16:32:54 : Info      : Migrating processes/Ivy Data Processes/SecurityService.p.json from 10.0.0 to 10.0.0
27.10.2022 16:32:54 : Info      : Migrating processes/Ivy Data Processes/SideStepService.p.json from 10.0.0 to 10.0.0
27.10.2022 16:32:54 : Info      : Migrating processes/Ivy Data Processes/SubstituteService.p.json from 10.0.0 to 10.0.0
27.10.2022 16:32:54 : Info      : Migrating processes/Ivy Data Processes/TaskService.p.json from 10.0.0 to 10.0.0
27.10.2022 16:32:54 : Info      : Migrating processes/Start Processes/PortalStart.p.json from 10.0.0 to 10.0.0
27.10.2022 16:32:54 : Info      : Migrating processes/SynchronizeDataProcesses/CleanUpObsoletedUserData.p.json from 10.0.0 to 10.0.0
27.10.2022 16:32:54 : Info      : Migrating src_hd/ch/ivy/addon/portal/component/CaseInformation/CaseInformationProcess.p.json from 10.0.0 to 10.0.0
27.10.2022 16:32:54 : Info      : Migrating src_hd/ch/ivy/addon/portal/component/ProcessInformation/ProcessInformationProcess.p.json from 10.0.0 to 10.0.0
27.10.2022 16:32:54 : Info      : Migrating src_hd/ch/ivy/addon/portal/component/iframe/CaseInformationInIFrame/CaseInformationInIFrameProcess.p.json from 10.0.0 to 10.0.0
27.10.2022 16:32:54 : Info      : Migrating src_hd/ch/ivy/addon/portal/component/iframe/PortalCaseListInFrame/PortalCaseListInFrameProcess.p.json from 10.0.0 to 10.0.0
27.10.2022 16:32:54 : Info      : Migrating src_hd/ch/ivy/addon/portal/component/iframe/PortalTaskItemDetailsInIFrame/PortalTaskItemDetailsInIFrameProcess.p.json from 10.0.0 to 10.0.0
27.10.2022 16:32:54 : Info      : Migrating src_hd/ch/ivy/addon/portal/component/iframe/PortalTaskListInFrame/PortalTaskListInFrameProcess.p.json from 10.0.0 to 10.0.0
27.10.2022 16:32:54 : Info      : Migrating src_hd/ch/ivy/addon/portal/error/ErrorPage/ErrorPageProcess.p.json from 10.0.0 to 10.0.0
27.10.2022 16:32:54 : Info      : Migrating src_hd/ch/ivy/addon/portal/generic/AdditionalCaseDetails/AdditionalCaseDetailsProcess.p.json from 10.0.0 to 10.0.0
27.10.2022 16:32:54 : Info      : Migrating src_hd/ch/ivy/addon/portal/generic/ApplicationSelectionMenu/ApplicationSelectionMenuProcess.p.json from 10.0.0 to 10.0.0
27.10.2022 16:32:54 : Info      : Migrating src_hd/ch/ivy/addon/portal/generic/CaseDocuments/CaseDocumentsProcess.p.json from 10.0.0 to 10.0.0
27.10.2022 16:32:54 : Info      : Migrating src_hd/ch/ivy/addon/portal/generic/CaseNoteHistory/CaseNoteHistoryProcess.p.json from 10.0.0 to 10.0.0
27.10.2022 16:32:54 : Info      : Migrating src_hd/ch/ivy/addon/portal/generic/ForgotPassword/ForgotPasswordProcess.p.json from 10.0.0 to 10.0.0
27.10.2022 16:32:54 : Info      : Migrating src_hd/ch/ivy/addon/portal/generic/GlobalSearch/GlobalSearchProcess.p.json from 10.0.0 to 10.0.0
27.10.2022 16:32:54 : Info      : Migrating src_hd/ch/ivy/addon/portal/generic/GlobalSearchLeftMenu/GlobalSearchLeftMenuProcess.p.json from 10.0.0 to 10.0.0
27.10.2022 16:32:54 : Info      : Migrating src_hd/ch/ivy/addon/portal/generic/Login/LoginProcess.p.json from 10.0.0 to 10.0.0
27.10.2022 16:32:54 : Info      : Migrating src_hd/ch/ivy/addon/portal/generic/PasswordReset/PasswordResetProcess.p.json from 10.0.0 to 10.0.0
27.10.2022 16:32:54 : Info      : Migrating src_hd/ch/ivy/addon/portal/generic/PortalBreadcrumb/PortalBreadcrumbProcess.p.json from 10.0.0 to 10.0.0
27.10.2022 16:32:54 : Info      : Migrating src_hd/ch/ivy/addon/portal/generic/PortalCaseDetails/PortalCaseDetailsProcess.p.json from 10.0.0 to 10.0.0
27.10.2022 16:32:54 : Info      : Migrating src_hd/ch/ivy/addon/portal/generic/PortalCases/PortalCasesProcess.p.json from 10.0.0 to 10.0.0
27.10.2022 16:32:54 : Info      : Migrating src_hd/ch/ivy/addon/portal/generic/PortalFinishTaskHandle/PortalFinishTaskHandleProcess.p.json from 10.0.0 to 10.0.0
27.10.2022 16:32:54 : Info      : Migrating src_hd/ch/ivy/addon/portal/generic/PortalHome/PortalHomeProcess.p.json from 10.0.0 to 10.0.0
27.10.2022 16:32:54 : Info      : Migrating src_hd/ch/ivy/addon/portal/generic/PortalTaskDetails/PortalTaskDetailsProcess.p.json from 10.0.0 to 10.0.0
27.10.2022 16:32:54 : Info      : Migrating src_hd/ch/ivy/addon/portal/generic/PortalTasks/PortalTasksProcess.p.json from 10.0.0 to 10.0.0
27.10.2022 16:32:54 : Info      : Migrating src_hd/ch/ivy/addon/portal/generic/PortalUrlCallback/PortalUrlCallbackProcess.p.json from 10.0.0 to 10.0.0
27.10.2022 16:32:54 : Info      : Migrating src_hd/ch/ivy/addon/portal/generic/ProcessNavigator/ProcessNavigatorProcess.p.json from 10.0.0 to 10.0.0
27.10.2022 16:32:54 : Info      : Migrating src_hd/ch/ivy/addon/portal/generic/ProcessViewer/ProcessViewerProcess.p.json from 10.0.0 to 10.0.0
27.10.2022 16:32:54 : Info      : Migrating src_hd/ch/ivy/addon/portal/generic/Processes/ProcessesProcess.p.json from 10.0.0 to 10.0.0
27.10.2022 16:32:54 : Info      : Migrating src_hd/ch/ivy/addon/portal/generic/SearchResults/SearchResultsProcess.p.json from 10.0.0 to 10.0.0
27.10.2022 16:32:54 : Info      : Migrating src_hd/ch/ivy/addon/portal/generic/StatisticNavigator/StatisticNavigatorProcess.p.json from 10.0.0 to 10.0.0
27.10.2022 16:32:54 : Info      : Migrating src_hd/ch/ivy/addon/portal/generic/TaskAnalysis/TaskAnalysisProcess.p.json from 10.0.0 to 10.0.0
27.10.2022 16:32:54 : Info      : Migrating src_hd/ch/ivy/addon/portal/generic/TaskDocuments/TaskDocumentsProcess.p.json from 10.0.0 to 10.0.0
27.10.2022 16:32:54 : Info      : Migrating src_hd/ch/ivy/addon/portal/generic/TaskListNavigator/TaskListNavigatorProcess.p.json from 10.0.0 to 10.0.0
27.10.2022 16:32:54 : Info      : Migrating src_hd/ch/ivy/addon/portal/generic/TaskNoteHistory/TaskNoteHistoryProcess.p.json from 10.0.0 to 10.0.0
27.10.2022 16:32:54 : Info      : Migrating src_hd/ch/ivy/addon/portal/generic/admin/PortalDashBoard/PortalDashBoardProcess.p.json from 10.0.0 to 10.0.0
27.10.2022 16:32:54 : Info      : Migrating src_hd/ch/ivy/addon/portal/generic/dashboard/PortalDashboard/PortalDashboardProcess.p.json from 10.0.0 to 10.0.0
27.10.2022 16:32:54 : Info      : Migrating src_hd/ch/ivy/addon/portal/generic/dashboard/PortalDashboardConfiguration/PortalDashboardConfigurationProcess.p.json from 10.0.0 to 10.0.0
27.10.2022 16:32:54 : Info      : Migrating src_hd/ch/ivy/addon/portal/generic/dashboard/PortalDashboardDetailModification/PortalDashboardDetailModificationProcess.p.json from 10.0.0 to 10.0.0
27.10.2022 16:32:54 : Info      : Migrating src_hd/ch/ivy/addon/portal/generic/dashboard/component/CaseDashboardWidget/CaseDashboardWidgetProcess.p.json from 10.0.0 to 10.0.0
27.10.2022 16:32:54 : Info      : Migrating src_hd/ch/ivy/addon/portal/generic/dashboard/component/CaseWidget/CaseWidgetProcess.p.json from 10.0.0 to 10.0.0
27.10.2022 16:32:54 : Info      : Migrating src_hd/ch/ivy/addon/portal/generic/dashboard/component/CaseWidgetConfiguration/CaseWidgetConfigurationProcess.p.json from 10.0.0 to 10.0.0
27.10.2022 16:32:54 : Info      : Migrating src_hd/ch/ivy/addon/portal/generic/dashboard/component/ColumnManagement/ColumnManagementProcess.p.json from 10.0.0 to 10.0.0
27.10.2022 16:32:54 : Info      : Migrating src_hd/ch/ivy/addon/portal/generic/dashboard/component/CustomDashboardWidget/CustomDashboardWidgetProcess.p.json from 10.0.0 to 10.0.0
27.10.2022 16:32:54 : Info      : Migrating src_hd/ch/ivy/addon/portal/generic/dashboard/component/CustomWidgetConfiguration/CustomWidgetConfigurationProcess.p.json from 10.0.0 to 10.0.0
27.10.2022 16:32:54 : Info      : Migrating src_hd/ch/ivy/addon/portal/generic/dashboard/component/DashboardDetails/DashboardDetailsProcess.p.json from 10.0.0 to 10.0.0
27.10.2022 16:32:54 : Info      : Migrating src_hd/ch/ivy/addon/portal/generic/dashboard/component/DashboardModification/DashboardModificationProcess.p.json from 10.0.0 to 10.0.0
27.10.2022 16:32:54 : Info      : Migrating src_hd/ch/ivy/addon/portal/generic/dashboard/component/DashboardReorder/DashboardReorderProcess.p.json from 10.0.0 to 10.0.0
27.10.2022 16:32:54 : Info      : Migrating src_hd/ch/ivy/addon/portal/generic/dashboard/component/DashboardTemplateSelection/DashboardTemplateSelectionProcess.p.json from 10.0.0 to 10.0.0
27.10.2022 16:32:54 : Info      : Migrating src_hd/ch/ivy/addon/portal/generic/dashboard/component/ProcessCaseWidget/ProcessCaseWidgetProcess.p.json from 10.0.0 to 10.0.0
27.10.2022 16:32:54 : Info      : Migrating src_hd/ch/ivy/addon/portal/generic/dashboard/component/ProcessDashboardWidget/ProcessDashboardWidgetProcess.p.json from 10.0.0 to 10.0.0
27.10.2022 16:32:54 : Info      : Migrating src_hd/ch/ivy/addon/portal/generic/dashboard/component/ProcessTaskWidget/ProcessTaskWidgetProcess.p.json from 10.0.0 to 10.0.0
27.10.2022 16:32:54 : Info      : Migrating src_hd/ch/ivy/addon/portal/generic/dashboard/component/ProcessViewerWidget/ProcessViewerWidgetProcess.p.json from 10.0.0 to 10.0.0
27.10.2022 16:32:54 : Info      : Migrating src_hd/ch/ivy/addon/portal/generic/dashboard/component/ProcessViewerWidgetConfiguration/ProcessViewerWidgetConfigurationProcess.p.json from 10.0.0 to 10.0.0
27.10.2022 16:32:54 : Info      : Migrating src_hd/ch/ivy/addon/portal/generic/dashboard/component/ProcessWidget/ProcessWidgetProcess.p.json from 10.0.0 to 10.0.0
27.10.2022 16:32:54 : Info      : Migrating src_hd/ch/ivy/addon/portal/generic/dashboard/component/ProcessWidgetConfiguration/ProcessWidgetConfigurationProcess.p.json from 10.0.0 to 10.0.0
27.10.2022 16:32:54 : Info      : Migrating src_hd/ch/ivy/addon/portal/generic/dashboard/component/StatisticChartWidget/StatisticChartWidgetProcess.p.json from 10.0.0 to 10.0.0
27.10.2022 16:32:54 : Info      : Migrating src_hd/ch/ivy/addon/portal/generic/dashboard/component/StatisticChartWidgetConfiguration/StatisticChartWidgetConfigurationProcess.p.json from 10.0.0 to 10.0.0
27.10.2022 16:32:54 : Info      : Migrating src_hd/ch/ivy/addon/portal/generic/dashboard/component/TaskDashboardWidget/TaskDashboardWidgetProcess.p.json from 10.0.0 to 10.0.0
27.10.2022 16:32:54 : Info      : Migrating src_hd/ch/ivy/addon/portal/generic/dashboard/component/TaskWidget/TaskWidgetProcess.p.json from 10.0.0 to 10.0.0
27.10.2022 16:32:54 : Info      : Migrating src_hd/ch/ivy/addon/portal/generic/dashboard/component/TaskWidgetConfiguration/TaskWidgetConfigurationProcess.p.json from 10.0.0 to 10.0.0
27.10.2022 16:32:54 : Info      : Migrating src_hd/ch/ivy/addon/portal/generic/dashboard/component/WelcomeDashboardWidget/WelcomeDashboardWidgetProcess.p.json from 10.0.0 to 10.0.0
27.10.2022 16:32:54 : Info      : Migrating src_hd/ch/ivy/addon/portal/generic/dashboard/component/WelcomeWidgetConfiguration/WelcomeWidgetConfigurationProcess.p.json from 10.0.0 to 10.0.0
27.10.2022 16:32:54 : Info      : Migrating src_hd/ch/ivy/addon/portal/generic/iframe/TaskTemplateIFrame/TaskTemplateIFrameProcess.p.json from 10.0.0 to 10.0.0
27.10.2022 16:32:54 : Info      : Migrating src_hd/ch/ivy/addon/portal/setting/AbsenceManagement/AbsenceManagementProcess.p.json from 10.0.0 to 10.0.0
27.10.2022 16:32:54 : Info      : Migrating src_hd/ch/ivy/addon/portal/setting/PortalManagement/PortalManagementProcess.p.json from 10.0.0 to 10.0.0
27.10.2022 16:32:54 : Info      : Migrating src_hd/ch/ivy/addon/portal/setting/UserProfile/UserProfileProcess.p.json from 10.0.0 to 10.0.0
27.10.2022 16:32:55 : Info      : Migrating src_hd/ch/ivy/addon/portalkit/LoginErrorPage/LoginErrorPageProcess.p.json from 10.0.0 to 10.0.0
27.10.2022 16:32:55 : Info      : Migrating src_hd/ch/ivy/addon/portalkit/PasswordResetErrorPage/PasswordResetErrorPageProcess.p.json from 10.0.0 to 10.0.0
27.10.2022 16:32:55 : Info      : Migrating src_hd/ch/ivy/addon/portalkit/admin/AdminSettings/AdminSettingsProcess.p.json from 10.0.0 to 10.0.0
27.10.2022 16:32:55 : Info      : Migrating src_hd/ch/ivy/addon/portalkit/component/ActionStep/ActionStepProcess.p.json from 10.0.0 to 10.0.0
27.10.2022 16:32:55 : Info      : Migrating src_hd/ch/ivy/addon/portalkit/component/CaseItem/CaseItemProcess.p.json from 10.0.0 to 10.0.0
27.10.2022 16:32:55 : Info      : Migrating src_hd/ch/ivy/addon/portalkit/component/CaseItemDescription/CaseItemDescriptionProcess.p.json from 10.0.0 to 10.0.0
27.10.2022 16:32:55 : Info      : Migrating src_hd/ch/ivy/addon/portalkit/component/CaseItemDetails/CaseItemDetailsProcess.p.json from 10.0.0 to 10.0.0
27.10.2022 16:32:55 : Info      : Migrating src_hd/ch/ivy/addon/portalkit/component/CaseItemDocument/CaseItemDocumentProcess.p.json from 10.0.0 to 10.0.0
27.10.2022 16:32:55 : Info      : Migrating src_hd/ch/ivy/addon/portalkit/component/CaseItemGeneralInformation/CaseItemGeneralInformationProcess.p.json from 10.0.0 to 10.0.0
27.10.2022 16:32:55 : Info      : Migrating src_hd/ch/ivy/addon/portalkit/component/CaseItemHistory/CaseItemHistoryProcess.p.json from 10.0.0 to 10.0.0
27.10.2022 16:32:55 : Info      : Migrating src_hd/ch/ivy/addon/portalkit/component/CaseItemRelatedCases/CaseItemRelatedCasesProcess.p.json from 10.0.0 to 10.0.0
27.10.2022 16:32:55 : Info      : Migrating src_hd/ch/ivy/addon/portalkit/component/CaseItemRelatedTask/CaseItemRelatedTaskProcess.p.json from 10.0.0 to 10.0.0
27.10.2022 16:32:55 : Info      : Migrating src_hd/ch/ivy/addon/portalkit/component/CaseItemRelatedTasks/CaseItemRelatedTasksProcess.p.json from 10.0.0 to 10.0.0
27.10.2022 16:32:55 : Info      : Migrating src_hd/ch/ivy/addon/portalkit/component/CaseListHeader/CaseListHeaderProcess.p.json from 10.0.0 to 10.0.0
27.10.2022 16:32:55 : Info      : Migrating src_hd/ch/ivy/addon/portalkit/component/CaseWidget/CaseWidgetProcess.p.json from 10.0.0 to 10.0.0
27.10.2022 16:32:55 : Info      : Migrating src_hd/ch/ivy/addon/portalkit/component/ColumnsConfiguration/ColumnsConfigurationProcess.p.json from 10.0.0 to 10.0.0
27.10.2022 16:32:55 : Info      : Migrating src_hd/ch/ivy/addon/portalkit/component/CompactProcessWidget/CompactProcessWidgetProcess.p.json from 10.0.0 to 10.0.0
27.10.2022 16:32:55 : Info      : Migrating src_hd/ch/ivy/addon/portalkit/component/CustomIFrameWidget/CustomIFrameWidgetProcess.p.json from 10.0.0 to 10.0.0
27.10.2022 16:32:55 : Info      : Migrating src_hd/ch/ivy/addon/portalkit/component/ExceptionDialog/ExceptionDialogProcess.p.json from 10.0.0 to 10.0.0
27.10.2022 16:32:55 : Info      : Migrating src_hd/ch/ivy/addon/portalkit/component/ExpressManagement/ExpressManagementProcess.p.json from 10.0.0 to 10.0.0
27.10.2022 16:32:55 : Info      : Migrating src_hd/ch/ivy/addon/portalkit/component/Filter/FilterProcess.p.json from 10.0.0 to 10.0.0
27.10.2022 16:32:55 : Info      : Migrating src_hd/ch/ivy/addon/portalkit/component/GlobalAjaxStatus/GlobalAjaxStatusProcess.p.json from 10.0.0 to 10.0.0
27.10.2022 16:32:55 : Info      : Migrating src_hd/ch/ivy/addon/portalkit/component/GuideOverlayPanel/GuideOverlayPanelProcess.p.json from 10.0.0 to 10.0.0
27.10.2022 16:32:55 : Info      : Migrating src_hd/ch/ivy/addon/portalkit/component/IconSelection/IconSelectionProcess.p.json from 10.0.0 to 10.0.0
27.10.2022 16:32:55 : Info      : Migrating src_hd/ch/ivy/addon/portalkit/component/PageFooter/PageFooterProcess.p.json from 10.0.0 to 10.0.0
27.10.2022 16:32:55 : Info      : Migrating src_hd/ch/ivy/addon/portalkit/component/PageHeader/PageHeaderProcess.p.json from 10.0.0 to 10.0.0
27.10.2022 16:32:55 : Info      : Migrating src_hd/ch/ivy/addon/portalkit/component/PasswordValidation/PasswordValidationProcess.p.json from 10.0.0 to 10.0.0
27.10.2022 16:32:55 : Info      : Migrating src_hd/ch/ivy/addon/portalkit/component/ProcessWidget/ProcessWidgetProcess.p.json from 10.0.0 to 10.0.0
27.10.2022 16:32:55 : Info      : Migrating src_hd/ch/ivy/addon/portalkit/component/ProjectVersion/ProjectVersionProcess.p.json from 10.0.0 to 10.0.0
27.10.2022 16:32:55 : Info      : Migrating src_hd/ch/ivy/addon/portalkit/component/RoleManagement/RoleManagementProcess.p.json from 10.0.0 to 10.0.0
27.10.2022 16:32:55 : Info      : Migrating src_hd/ch/ivy/addon/portalkit/component/SecurityMemberDisplayName/SecurityMemberDisplayNameProcess.p.json from 10.0.0 to 10.0.0
27.10.2022 16:32:55 : Info      : Migrating src_hd/ch/ivy/addon/portalkit/component/SideStep/SideStepProcess.p.json from 10.0.0 to 10.0.0
27.10.2022 16:32:55 : Info      : Migrating src_hd/ch/ivy/addon/portalkit/component/StatisticWidget/StatisticWidgetProcess.p.json from 10.0.0 to 10.0.0
27.10.2022 16:32:55 : Info      : Migrating src_hd/ch/ivy/addon/portalkit/component/TaskAnalysisWidget/TaskAnalysisWidgetProcess.p.json from 10.0.0 to 10.0.0
27.10.2022 16:32:55 : Info      : Migrating src_hd/ch/ivy/addon/portalkit/component/TaskExpiryActivatorSelection/TaskExpiryActivatorSelectionProcess.p.json from 10.0.0 to 10.0.0
27.10.2022 16:32:55 : Info      : Migrating src_hd/ch/ivy/addon/portalkit/component/TaskItem/TaskItemProcess.p.json from 10.0.0 to 10.0.0
27.10.2022 16:32:55 : Info      : Migrating src_hd/ch/ivy/addon/portalkit/component/TaskItemDelegate/TaskItemDelegateProcess.p.json from 10.0.0 to 10.0.0
27.10.2022 16:32:55 : Info      : Migrating src_hd/ch/ivy/addon/portalkit/component/TaskItemDescription/TaskItemDescriptionProcess.p.json from 10.0.0 to 10.0.0
27.10.2022 16:32:55 : Info      : Migrating src_hd/ch/ivy/addon/portalkit/component/TaskItemDetails/TaskItemDetailsProcess.p.json from 10.0.0 to 10.0.0
27.10.2022 16:32:55 : Info      : Migrating src_hd/ch/ivy/addon/portalkit/component/TaskItemDocuments/TaskItemDocumentsProcess.p.json from 10.0.0 to 10.0.0
27.10.2022 16:32:55 : Info      : Migrating src_hd/ch/ivy/addon/portalkit/component/TaskItemGeneralInfo/TaskItemGeneralInfoProcess.p.json from 10.0.0 to 10.0.0
27.10.2022 16:32:55 : Info      : Migrating src_hd/ch/ivy/addon/portalkit/component/TaskItemNotes/TaskItemNotesProcess.p.json from 10.0.0 to 10.0.0
27.10.2022 16:32:55 : Info      : Migrating src_hd/ch/ivy/addon/portalkit/component/TaskItemWorkflowEvents/TaskItemWorkflowEventsProcess.p.json from 10.0.0 to 10.0.0
27.10.2022 16:32:55 : Info      : Migrating src_hd/ch/ivy/addon/portalkit/component/TaskWidget/TaskWidgetProcess.p.json from 10.0.0 to 10.0.0
27.10.2022 16:32:55 : Info      : Migrating src_hd/ch/ivy/addon/portalkit/component/UserFullnameDisplayText/UserFullnameDisplayTextProcess.p.json from 10.0.0 to 10.0.0
27.10.2022 16:32:55 : Info      : Migrating src_hd/ch/ivy/addon/portalkit/component/UserMenu/UserMenuProcess.p.json from 10.0.0 to 10.0.0
27.10.2022 16:32:55 : Info      : Migrating src_hd/ch/ivy/addon/portalkit/component/UserWithEnvironmentInfo/UserWithEnvironmentInfoProcess.p.json from 10.0.0 to 10.0.0
27.10.2022 16:32:55 : Info      : Migrating src_hd/ch/ivy/addon/portalkit/component/WarningBeforeLeavingTask/WarningBeforeLeavingTaskProcess.p.json from 10.0.0 to 10.0.0
27.10.2022 16:32:55 : Info      : Migrating src_hd/ch/ivy/addon/portalkit/component/WarningBeforeLostSession/WarningBeforeLostSessionProcess.p.json from 10.0.0 to 10.0.0
27.10.2022 16:32:55 : Info      : Migrating src_hd/ch/ivy/addon/portalkit/component/WelcomePortalDialog/WelcomePortalDialogProcess.p.json from 10.0.0 to 10.0.0
27.10.2022 16:32:55 : Info      : Migrating src_hd/ch/ivy/addon/portalkit/component/cases/column/CaseApplication/CaseApplicationProcess.p.json from 10.0.0 to 10.0.0
27.10.2022 16:32:55 : Info      : Migrating src_hd/ch/ivy/addon/portalkit/component/cases/column/CaseCategory/CaseCategoryProcess.p.json from 10.0.0 to 10.0.0
27.10.2022 16:32:55 : Info      : Migrating src_hd/ch/ivy/addon/portalkit/component/cases/column/CaseColumnHeader/CaseColumnHeaderProcess.p.json from 10.0.0 to 10.0.0
27.10.2022 16:32:55 : Info      : Migrating src_hd/ch/ivy/addon/portalkit/component/cases/column/CaseCreator/CaseCreatorProcess.p.json from 10.0.0 to 10.0.0
27.10.2022 16:32:55 : Info      : Migrating src_hd/ch/ivy/addon/portalkit/component/cases/column/CaseCustomField/CaseCustomFieldProcess.p.json from 10.0.0 to 10.0.0
27.10.2022 16:32:55 : Info      : Migrating src_hd/ch/ivy/addon/portalkit/component/cases/column/CaseDate/CaseDateProcess.p.json from 10.0.0 to 10.0.0
27.10.2022 16:32:55 : Info      : Migrating src_hd/ch/ivy/addon/portalkit/component/cases/column/CaseId/CaseIdProcess.p.json from 10.0.0 to 10.0.0
27.10.2022 16:32:55 : Info      : Migrating src_hd/ch/ivy/addon/portalkit/component/cases/column/CaseName/CaseNameProcess.p.json from 10.0.0 to 10.0.0
27.10.2022 16:32:55 : Info      : Migrating src_hd/ch/ivy/addon/portalkit/component/cases/column/CaseOwner/CaseOwnerProcess.p.json from 10.0.0 to 10.0.0
27.10.2022 16:32:55 : Info      : Migrating src_hd/ch/ivy/addon/portalkit/component/cases/column/CaseState/CaseStateProcess.p.json from 10.0.0 to 10.0.0
27.10.2022 16:32:55 : Info      : Migrating src_hd/ch/ivy/addon/portalkit/component/cases/filter/AdvancedFilter/AdvancedFilterProcess.p.json from 10.0.0 to 10.0.0
27.10.2022 16:32:55 : Info      : Migrating src_hd/ch/ivy/addon/portalkit/component/cases/filter/CaseApplicationFilter/CaseApplicationFilterProcess.p.json from 10.0.0 to 10.0.0
27.10.2022 16:32:55 : Info      : Migrating src_hd/ch/ivy/addon/portalkit/component/cases/filter/CaseCategoryFilter/CaseCategoryFilterProcess.p.json from 10.0.0 to 10.0.0
27.10.2022 16:32:55 : Info      : Migrating src_hd/ch/ivy/addon/portalkit/component/cases/filter/CaseCreationDateFilter/CaseCreationDateFilterProcess.p.json from 10.0.0 to 10.0.0
27.10.2022 16:32:55 : Info      : Migrating src_hd/ch/ivy/addon/portalkit/component/cases/filter/CaseCreatorFilter/CaseCreatorFilterProcess.p.json from 10.0.0 to 10.0.0
27.10.2022 16:32:55 : Info      : Migrating src_hd/ch/ivy/addon/portalkit/component/cases/filter/CaseDescriptionFilter/CaseDescriptionFilterProcess.p.json from 10.0.0 to 10.0.0
27.10.2022 16:32:55 : Info      : Migrating src_hd/ch/ivy/addon/portalkit/component/cases/filter/CaseFinishedDateFilter/CaseFinishedDateFilterProcess.p.json from 10.0.0 to 10.0.0
27.10.2022 16:32:55 : Info      : Migrating src_hd/ch/ivy/addon/portalkit/component/cases/filter/CaseIdFilter/CaseIdFilterProcess.p.json from 10.0.0 to 10.0.0
27.10.2022 16:32:55 : Info      : Migrating src_hd/ch/ivy/addon/portalkit/component/cases/filter/CaseNameFilter/CaseNameFilterProcess.p.json from 10.0.0 to 10.0.0
27.10.2022 16:32:55 : Info      : Migrating src_hd/ch/ivy/addon/portalkit/component/cases/filter/CaseOwnerFilter/CaseOwnerFilterProcess.p.json from 10.0.0 to 10.0.0
27.10.2022 16:32:55 : Info      : Migrating src_hd/ch/ivy/addon/portalkit/component/cases/filter/CaseStateFilter/CaseStateFilterProcess.p.json from 10.0.0 to 10.0.0
27.10.2022 16:32:56 : Info      : Migrating src_hd/ch/ivy/addon/portalkit/component/cases/filter/DefaultCaseFilters/DefaultCaseFiltersProcess.p.json from 10.0.0 to 10.0.0
27.10.2022 16:32:56 : Info      : Migrating src_hd/ch/ivy/addon/portalkit/component/dashboard/casewidget/CreatorFilterColumn/CreatorFilterColumnProcess.p.json from 10.0.0 to 10.0.0
27.10.2022 16:32:56 : Info      : Migrating src_hd/ch/ivy/addon/portalkit/component/dashboard/casewidget/OwnerFilterColumn/OwnerFilterColumnProcess.p.json from 10.0.0 to 10.0.0
27.10.2022 16:32:56 : Info      : Migrating src_hd/ch/ivy/addon/portalkit/component/dashboard/casewidget/StateFilterColumn/StateFilterColumnProcess.p.json from 10.0.0 to 10.0.0
27.10.2022 16:32:56 : Info      : Migrating src_hd/ch/ivy/addon/portalkit/component/dashboard/taskwidget/ActivatorFilterColumn/ActivatorFilterColumnProcess.p.json from 10.0.0 to 10.0.0
27.10.2022 16:32:56 : Info      : Migrating src_hd/ch/ivy/addon/portalkit/component/dashboard/taskwidget/PriorityFilterColumn/PriorityFilterColumnProcess.p.json from 10.0.0 to 10.0.0
27.10.2022 16:32:56 : Info      : Migrating src_hd/ch/ivy/addon/portalkit/component/dashboard/taskwidget/StateFilterColumn/StateFilterColumnProcess.p.json from 10.0.0 to 10.0.0
27.10.2022 16:32:56 : Info      : Migrating src_hd/ch/ivy/addon/portalkit/component/dashboard/widget/ApplicationFilterColumn/ApplicationFilterColumnProcess.p.json from 10.0.0 to 10.0.0
27.10.2022 16:32:56 : Info      : Migrating src_hd/ch/ivy/addon/portalkit/component/dashboard/widget/CategoryFilterColumn/CategoryFilterColumnProcess.p.json from 10.0.0 to 10.0.0
27.10.2022 16:32:56 : Info      : Migrating src_hd/ch/ivy/addon/portalkit/component/dashboard/widget/NumberFilterColumn/NumberFilterColumnProcess.p.json from 10.0.0 to 10.0.0
27.10.2022 16:32:56 : Info      : Migrating src_hd/ch/ivy/addon/portalkit/component/dashboard/widget/TextFilterColumn/TextFilterColumnProcess.p.json from 10.0.0 to 10.0.0
27.10.2022 16:32:56 : Info      : Migrating src_hd/ch/ivy/addon/portalkit/component/dashboard/widget/TimestampFilterColumn/TimestampFilterColumnProcess.p.json from 10.0.0 to 10.0.0
27.10.2022 16:32:56 : Info      : Migrating src_hd/ch/ivy/addon/portalkit/component/document/DocumentNameWithIcon/DocumentNameWithIconProcess.p.json from 10.0.0 to 10.0.0
27.10.2022 16:32:56 : Info      : Migrating src_hd/ch/ivy/addon/portalkit/component/process/ProcessGridItem/ProcessGridItemProcess.p.json from 10.0.0 to 10.0.0
27.10.2022 16:32:56 : Info      : Migrating src_hd/ch/ivy/addon/portalkit/component/process/ProcessItemAction/ProcessItemActionProcess.p.json from 10.0.0 to 10.0.0
27.10.2022 16:32:56 : Info      : Migrating src_hd/ch/ivy/addon/portalkit/component/statistic/ChartCreationWidget/ChartCreationWidgetProcess.p.json from 10.0.0 to 10.0.0
27.10.2022 16:32:56 : Info      : Migrating src_hd/ch/ivy/addon/portalkit/component/statistic/ChartInformationDialog/ChartInformationDialogProcess.p.json from 10.0.0 to 10.0.0
27.10.2022 16:32:56 : Info      : Migrating src_hd/ch/ivy/addon/portalkit/component/statistic/CustomField/CustomFieldProcess.p.json from 10.0.0 to 10.0.0
27.10.2022 16:32:56 : Info      : Migrating src_hd/ch/ivy/addon/portalkit/component/statistic/CustomVarField/CustomVarFieldProcess.p.json from 10.0.0 to 10.0.0
27.10.2022 16:32:56 : Info      : Migrating src_hd/ch/ivy/addon/portalkit/component/statistic/ElapsedTimeChartDetails/ElapsedTimeChartDetailsProcess.p.json from 10.0.0 to 10.0.0
27.10.2022 16:32:56 : Info      : Migrating src_hd/ch/ivy/addon/portalkit/component/statistic/StatisticDashboardWidget/StatisticDashboardWidgetProcess.p.json from 10.0.0 to 10.0.0
27.10.2022 16:32:56 : Info      : Migrating src_hd/ch/ivy/addon/portalkit/component/statistic/StatisticFilters/StatisticFiltersProcess.p.json from 10.0.0 to 10.0.0
27.10.2022 16:32:56 : Info      : Migrating src_hd/ch/ivy/addon/portalkit/component/task/column/TaskApplication/TaskApplicationProcess.p.json from 10.0.0 to 10.0.0
27.10.2022 16:32:56 : Info      : Migrating src_hd/ch/ivy/addon/portalkit/component/task/column/TaskCategory/TaskCategoryProcess.p.json from 10.0.0 to 10.0.0
27.10.2022 16:32:56 : Info      : Migrating src_hd/ch/ivy/addon/portalkit/component/task/column/TaskColumnHeader/TaskColumnHeaderProcess.p.json from 10.0.0 to 10.0.0
27.10.2022 16:32:56 : Info      : Migrating src_hd/ch/ivy/addon/portalkit/component/task/column/TaskCustomField/TaskCustomFieldProcess.p.json from 10.0.0 to 10.0.0
27.10.2022 16:32:56 : Info      : Migrating src_hd/ch/ivy/addon/portalkit/component/task/column/TaskDate/TaskDateProcess.p.json from 10.0.0 to 10.0.0
27.10.2022 16:32:56 : Info      : Migrating src_hd/ch/ivy/addon/portalkit/component/task/column/TaskId/TaskIdProcess.p.json from 10.0.0 to 10.0.0
27.10.2022 16:32:56 : Info      : Migrating src_hd/ch/ivy/addon/portalkit/component/task/column/TaskListHeader/TaskListHeaderProcess.p.json from 10.0.0 to 10.0.0
27.10.2022 16:32:56 : Info      : Migrating src_hd/ch/ivy/addon/portalkit/component/task/column/TaskName/TaskNameProcess.p.json from 10.0.0 to 10.0.0
27.10.2022 16:32:56 : Info      : Migrating src_hd/ch/ivy/addon/portalkit/component/task/column/TaskPriority/TaskPriorityProcess.p.json from 10.0.0 to 10.0.0
27.10.2022 16:32:56 : Info      : Migrating src_hd/ch/ivy/addon/portalkit/component/task/column/TaskResponsible/TaskResponsibleProcess.p.json from 10.0.0 to 10.0.0
27.10.2022 16:32:56 : Info      : Migrating src_hd/ch/ivy/addon/portalkit/component/task/column/TaskState/TaskStateProcess.p.json from 10.0.0 to 10.0.0
27.10.2022 16:32:56 : Info      : Migrating src_hd/ch/ivy/addon/portalkit/component/task/filter/AdvancedFilter/AdvancedFilterProcess.p.json from 10.0.0 to 10.0.0
27.10.2022 16:32:56 : Info      : Migrating src_hd/ch/ivy/addon/portalkit/component/task/filter/DefaultTaskFilters/DefaultTaskFiltersProcess.p.json from 10.0.0 to 10.0.0
27.10.2022 16:32:56 : Info      : Migrating src_hd/ch/ivy/addon/portalkit/component/task/filter/TaskApplicationFilter/TaskApplicationFilterProcess.p.json from 10.0.0 to 10.0.0
27.10.2022 16:32:56 : Info      : Migrating src_hd/ch/ivy/addon/portalkit/component/task/filter/TaskAvailableActivatorFilter/TaskAvailableActivatorFilterProcess.p.json from 10.0.0 to 10.0.0
27.10.2022 16:32:56 : Info      : Migrating src_hd/ch/ivy/addon/portalkit/component/task/filter/TaskCategoryFilter/TaskCategoryFilterProcess.p.json from 10.0.0 to 10.0.0
27.10.2022 16:32:56 : Info      : Migrating src_hd/ch/ivy/addon/portalkit/component/task/filter/TaskCompletedDateFilter/TaskCompletedDateFilterProcess.p.json from 10.0.0 to 10.0.0
27.10.2022 16:32:56 : Info      : Migrating src_hd/ch/ivy/addon/portalkit/component/task/filter/TaskCreationDateFilter/TaskCreationDateFilterProcess.p.json from 10.0.0 to 10.0.0
27.10.2022 16:32:56 : Info      : Migrating src_hd/ch/ivy/addon/portalkit/component/task/filter/TaskDescriptionFilter/TaskDescriptionFilterProcess.p.json from 10.0.0 to 10.0.0
27.10.2022 16:32:56 : Info      : Migrating src_hd/ch/ivy/addon/portalkit/component/task/filter/TaskExpiredDateFilter/TaskExpiredDateFilterProcess.p.json from 10.0.0 to 10.0.0
27.10.2022 16:32:56 : Info      : Migrating src_hd/ch/ivy/addon/portalkit/component/task/filter/TaskIdFilter/TaskIdFilterProcess.p.json from 10.0.0 to 10.0.0
27.10.2022 16:32:56 : Info      : Migrating src_hd/ch/ivy/addon/portalkit/component/task/filter/TaskNameFilter/TaskNameFilterProcess.p.json from 10.0.0 to 10.0.0
27.10.2022 16:32:56 : Info      : Migrating src_hd/ch/ivy/addon/portalkit/component/task/filter/TaskPriorityFilter/TaskPriorityFilterProcess.p.json from 10.0.0 to 10.0.0
27.10.2022 16:32:56 : Info      : Migrating src_hd/ch/ivy/addon/portalkit/component/task/filter/TaskResponsibleFilter/TaskResponsibleFilterProcess.p.json from 10.0.0 to 10.0.0
27.10.2022 16:32:56 : Info      : Migrating src_hd/ch/ivy/addon/portalkit/component/task/filter/TaskStateFilter/TaskStateFilterProcess.p.json from 10.0.0 to 10.0.0
27.10.2022 16:32:56 : Info      : Migrating src_hd/ch/ivy/addon/portalkit/component/task/filter/TaskWorkerFilter/TaskWorkerFilterProcess.p.json from 10.0.0 to 10.0.0
27.10.2022 16:32:56 : Info      : Migrating src_hd/ch/ivy/addon/portalkit/feature/WarnOnClosingBrowserTab/WarnOnClosingBrowserTabProcess.p.json from 10.0.0 to 10.0.0
27.10.2022 16:32:56 : Info      : Migrating src_hd/ch/ivy/addon/portalkit/multiapp/settings/LogoutSetting/LogoutSettingProcess.p.json from 10.0.0 to 10.0.0
27.10.2022 16:32:56 : Info      : Migrating src_hd/ch/ivy/addon/portalkit/multiapp/settings/PasswordSetting/PasswordSettingProcess.p.json from 10.0.0 to 10.0.0
27.10.2022 16:32:56 : Info      : Migrating src_hd/ch/ivy/addon/portalkit/singleapp/general/ForgotPassword/ForgotPasswordProcess.p.json from 10.0.0 to 10.0.0
27.10.2022 16:32:56 : Info      : Migrating src_hd/ch/ivy/addon/portalkit/singleapp/general/Login/LoginProcess.p.json from 10.0.0 to 10.0.0
27.10.2022 16:32:56 : Info      : Migrating src_hd/ch/ivy/addon/portalkit/singleapp/general/PasswordReset/PasswordResetProcess.p.json from 10.0.0 to 10.0.0
27.10.2022 16:32:56 : Info      : Migrating src_hd/ch/ivy/addon/portalkit/singleapp/general/SetLanguage/SetLanguageProcess.p.json from 10.0.0 to 10.0.0
27.10.2022 16:32:56 : New Task  : Update project version to actual version 100000.
27.10.2022 16:32:56 : New Task  : Finished conversion of project portal.
