# Conversion log for project 'portal'
# Convert project to use Primefaces version from 11 to 13
# Using Axon Ivy Designer version 11.3.0.2403261805
# Created on 26.03.2024 18:06:40
26.03.2024 18:06:41 : New Task  : Converting project portal.
26.03.2024 18:06:41 : Info      : Log is stored in 'logs/convert-primefaces-version-11-13.log'
26.03.2024 18:06:41 : New Task  : Convert to Primefaces 13
26.03.2024 18:06:41 : Warning   : Project is missing the following required projects 'com.axonivy.portal:portal-components'. Conversion may not be successful. Fix missing required projects first.
26.03.2024 18:06:56 : Info      : Rename tag p:repeat with ui:repeat in file src_hd/ch/ivy/addon/portal/generic/dashboard/PortalDashboardDetailModification/PortalDashboardAddNewWidgets.xhtml (4 changes)
26.03.2024 18:06:56 : Info      : Rename tag p:repeat with ui:repeat in file src_hd/ch/ivy/addon/portal/generic/dashboard/component/CaseDashboardWidget/CaseInfo.xhtml (4 changes)
26.03.2024 18:06:57 : Info      : Rename tag p:repeat with ui:repeat in file src_hd/ch/ivy/addon/portal/generic/dashboard/component/TaskDashboardWidget/TaskInfo.xhtml (4 changes)
26.03.2024 18:06:57 : Info      : Add missing attribute layout="tabular" to tag p:panelGrid in file src_hd/ch/ivy/addon/portal/setting/AbsenceManagement/SelectDeputy.xhtml (2 changes)
26.03.2024 18:06:57 : Info      : Convert value of attribute class from '#{channel.channel.displayIcon()} table-icon p-mr-2 p-mt-1' to '#{channel.channel.displayIcon()} table-icon mr-2 mt-1' in file src_hd/ch/ivy/addon/portal/setting/UserProfile/UserProfile.xhtml (1 change)
26.03.2024 18:06:57 : Info      : Convert value of attribute class from 'p-d-flex' to 'flex' in file src_hd/ch/ivy/addon/portal/setting/UserProfile/UserProfile.xhtml (2 changes)
26.03.2024 18:06:57 : Info      : Convert value of attribute class from 'p-mr-2 p-mt-1 si table-icon si-#{subscription.icon} subscription-icon ' to 'mr-2 mt-1 si table-icon si-#{subscription.icon} subscription-icon ' in file src_hd/ch/ivy/addon/portal/setting/UserProfile/UserProfile.xhtml (1 change)
26.03.2024 18:06:57 : Info      : Add missing attribute columns="0" to tag p:panelGrid in file src_hd/ch/ivy/addon/portalkit/admin/AdminSettings/AdminSettings.xhtml (1 change)
26.03.2024 18:06:57 : Info      : Add missing attribute layout="tabular" to tag p:panelGrid in file src_hd/ch/ivy/addon/portalkit/admin/AdminSettings/AdminSettings.xhtml (1 change)
26.03.2024 18:06:57 : Info      : Add missing attribute columns="0" to tag p:panelGrid in file src_hd/ch/ivy/addon/portalkit/component/statistic/ChartInformationDialog/ChartInformationDialog.xhtml (2 changes)
26.03.2024 18:06:57 : Info      : Add missing attribute layout="tabular" to tag p:panelGrid in file src_hd/ch/ivy/addon/portalkit/component/statistic/ChartInformationDialog/ChartInformationDialog.xhtml (2 changes)
26.03.2024 18:06:57 : Info      : Convert value of attribute class from 'p-text-center message' to 'text-center message' in file src_hd/com/axonivy/portal/component/NotificationFullPage/NotificationFullPage.xhtml (1 change)
26.03.2024 18:06:57 : Info      : Convert value of attribute class from 'ui-g-2 import-dashboard-label p-mb-2' to 'ui-g-2 import-dashboard-label mb-2' in file src_hd/com/axonivy/portal/dashboard/component/DashboardImportDetails/DashboardImportDetails.xhtml (1 change)
26.03.2024 18:06:57 : Info      : Convert value of attribute class from 'p-d-flex' to 'flex' in file src_hd/com/axonivy/portal/dashboard/component/NotificationWidget/NotificationWidget.xhtml (2 changes)
26.03.2024 18:06:57 : Info      : Convert value of attribute name from 'primeflex-2.min.css' to 'primeflex-3.min.css' in file webContent/layouts/BasicTemplate.xhtml (1 change)
26.03.2024 18:06:57 : Info      : Convert value of attribute class from 'p-d-flex p-jc-between' to 'flex justify-content-between' in file webContent/layouts/includes/notification.xhtml (1 change)
26.03.2024 18:06:57 : Info      : Convert value of attribute class from 'notifications-button si si-check-double-1 p-mr-1' to 'notifications-button si si-check-double-1 mr-1' in file webContent/layouts/includes/notification.xhtml (1 change)
26.03.2024 18:06:57 : Info      : Convert value of attribute class from 'p-d-flex' to 'flex' in file webContent/layouts/includes/notification.xhtml (3 changes)
26.03.2024 18:06:57 : Info      : Convert value of attribute class from 'p-text-center message' to 'text-center message' in file webContent/layouts/includes/notification.xhtml (1 change)
26.03.2024 18:06:57 : New Task  : Update project Primefaces version to actual version 13.
26.03.2024 18:06:57 : New Task  : Finished conversion of project portal.
